Flutter crash report; please file at https://github.com/flutter/flutter/issues.

## command

flutter --no-color run --machine --track-widget-creation --device-id=03157df32974be06 lib\main.dart

## exception

SocketException: SocketException: Write failed (OS Error: Le canal de communication est sur le point d’être fermé.
, errno = 232), port = 0

```
null```

## flutter doctor

```
[✓] Flutter (Channel stable, v1.7.8+hotfix.3, on Microsoft Windows [version 10.0.10586], locale fr-FR)
    • Flutter version 1.7.8+hotfix.3 at C:\Users\hp\Downloads\flutter_windows_v1.7.8+hotfix.3-stable\flutter
    • Framework revision b712a172f9 (2 weeks ago), 2019-07-09 13:14:38 -0700
    • Engine revision 54ad777fd2
    • Dart version 2.4.0

[✓] Android toolchain - develop for Android devices (Android SDK version 28.0.3)
    • Android SDK at C:\Users\hp\AppData\Local\Android\sdk
    • Android NDK location not configured (optional; useful for native profiling support)
    • Platform android-28, build-tools 28.0.3
    • Java binary at: C:\Program Files\Android\Android Studio\jre\bin\java
    • Java version OpenJDK Runtime Environment (build 1.8.0_152-release-1343-b01)
    • All Android licenses accepted.

[✓] Android Studio (version 3.4)
    • Android Studio at C:\Program Files\Android\Android Studio
    • Flutter plugin version 37.1.1
    • Dart plugin version 183.6270
    • Java version OpenJDK Runtime Environment (build 1.8.0_152-release-1343-b01)

[✓] IntelliJ IDEA Community Edition (version 2019.1)
    • IntelliJ at C:\Program Files\JetBrains\IntelliJ IDEA Community Edition 2019.1.3
    • Flutter plugin version 37.1.3
    • Dart plugin version 191.7830

[✓] Connected device (1 available)
    • SM G925F • 03157df32974be06 • android-arm64 • Android 7.0 (API 24)

• No issues found!
```
